INFO:root:Resolving input path: c:\Users\jrasg\Documents\Code Challenge SWL\devdata\work-items-in\input_params\work-items.json
INFO:root:Assigning workitems
INFO:root:1722047653.631154    Open browser 
INFO:RPA.core.webdriver:Downloaded webdriver to: C:\Users\jrasg\AppData\Local\robocorp\webdrivers\.wdm\drivers\chromedriver\win64\127.0.6533.72\chromedriver-win32/THIRD_PARTY_NOTICES.chromedriver
WARNING:RPA.Browser.Selenium:Webdriver version couldn't be read due to: [WinError 193] %1 is not a valid Win32 application
INFO:RobotFramework:Creating an instance of the Chrome WebDriver.
INFO:RobotFramework:<p>Attempted combinations:</p><div class="doc"><table><tr><th>Browser</th><th>Download</th><th>Error</th></tr><tr><td>Chrome</td><td>False</td><td>Message: Webdriver executable 'chromedriver' is not in PATH (with disabled Selenium Manager)
</td></tr><tr><td>Chrome</td><td>True</td><td>[WinError 193] %1 is not a valid Win32 application</td></tr></table></div>
INFO:root:1722047655.051897    Failed at opening Chrome browser: Failed to start a browser:
- Chrome: [WinError 193] %1 is not a valid Win32 application

INFO:root:1722047655.0528975    Searching for input phrase
INFO:RobotFramework:Clicking element 'css:button[data-element='search-button']'.
INFO:root:1722047655.0599551    Failed at searching input phrase due to: No browser is open.
INFO:root:1722047655.0599551    Selecting category
INFO:root:1722047655.0647333    Failed at selecting category due to: No browser is open.
INFO:root:1722047655.0647333    Sorting by newest
INFO:root:1722047655.0692415    Failed at sorting by newest due to: No browser is open.
INFO:root:1722047655.0702436    Getting sorted news
INFO:root:1722047655.0712445    Comparing containers
INFO:root:1722047655.0762188    Failed at comparing containers due to: expected string or bytes-like object
INFO:root:1722047655.0802233    Failed at getting sorted news due to: No browser is open.
INFO:root:1722047655.0812235    Writing news to Excel
INFO:root:1722047655.0841851    Failed at writing news to Excel due to: 'NoneType' object is not iterable
INFO:root:1722047655.0841851    Extract image from URL
INFO:root:1722047655.0871894    Failed at extracting image from URL due to: 'NoneType' object is not iterable
